\BOOKMARK [1][-]{section.1}{Introduction}{}% 1
\BOOKMARK [2][-]{subsection.1.1}{What is High Energy Astrophysics?}{section.1}% 2
\BOOKMARK [2][-]{subsection.1.2}{How is the High Energy Sky Different?}{section.1}% 3
\BOOKMARK [2][-]{subsection.1.3}{High Energy Photons}{section.1}% 4
\BOOKMARK [2][-]{subsection.1.4}{History}{section.1}% 5
\BOOKMARK [2][-]{subsection.1.5}{X-Ray Spectra and Moseley's Law}{section.1}% 6
\BOOKMARK [2][-]{subsection.1.6}{Detectors}{section.1}% 7
\BOOKMARK [2][-]{subsection.1.7}{Radioactivity}{section.1}% 8
\BOOKMARK [2][-]{subsection.1.8}{Energetics}{section.1}% 9
\BOOKMARK [1][-]{section.2}{Accretion of Astrophysical Plasmas}{}% 10
\BOOKMARK [2][-]{subsection.2.1}{Spherical Flow of Ionized Material onto Compact Objects}{section.2}% 11
<<<<<<< HEAD
\BOOKMARK [2][-]{subsection.2.2}{A More Detailed Calculation}{section.2}% 12
\BOOKMARK [1][-]{section.3}{White Dwarfs}{}% 13
\BOOKMARK [2][-]{subsection.3.1}{White Dwarf Structure}{section.3}% 14
\BOOKMARK [3][-]{subsubsection.3.1.1}{Equations of State}{subsection.3.1}% 15
\BOOKMARK [3][-]{subsubsection.3.1.2}{Mass-Radius Relation for White Dwarfs}{subsection.3.1}% 16
\BOOKMARK [2][-]{subsection.3.2}{The Chandrasekhar Mass}{section.3}% 17
\BOOKMARK [2][-]{subsection.3.3}{White Dwarf Cooling}{section.3}% 18
=======
>>>>>>> 41373642abef7a5d5e778cef1a91b2aed4be7f27
